\BOOKMARK [1][-]{section.1}{Introduction}{}% 1
\BOOKMARK [2][-]{subsection.1.1}{Purpose}{section.1}% 2
\BOOKMARK [2][-]{subsection.1.2}{Description}{section.1}% 3
\BOOKMARK [2][-]{subsection.1.3}{Scope}{section.1}% 4
\BOOKMARK [1][-]{section.2}{Anticipated and unlikely changes}{}% 5
\BOOKMARK [2][-]{subsection.2.1}{Likely Changes}{section.2}% 6
\BOOKMARK [2][-]{subsection.2.2}{Unlikely Changes}{section.2}% 7
\BOOKMARK [1][-]{section.3}{Module Hierarchy}{}% 8
\BOOKMARK [1][-]{section.4}{Connection between requirements and design}{}% 9
\BOOKMARK [1][-]{section.5}{Traceability matrices}{}% 10
\BOOKMARK [2][-]{subsection.5.1}{Note About G4 variables}{section.5}% 11
\BOOKMARK [1][-]{section.6}{MIS of NeutronHPDataPoint}{}% 12
\BOOKMARK [2][-]{subsection.6.1}{Interface Syntax}{section.6}% 13
\BOOKMARK [2][-]{subsection.6.2}{Exported Access Programs}{section.6}% 14
\BOOKMARK [2][-]{subsection.6.3}{Interface Semantics}{section.6}% 15
\BOOKMARK [3][-]{subsubsection.6.3.1}{State Variables}{subsection.6.3}% 16
\BOOKMARK [3][-]{subsubsection.6.3.2}{Environment Variables}{subsection.6.3}% 17
\BOOKMARK [3][-]{subsubsection.6.3.3}{Assumption}{subsection.6.3}% 18
\BOOKMARK [3][-]{subsubsection.6.3.4}{Access Program Semantics}{subsection.6.3}% 19
\BOOKMARK [1][-]{section.7}{MIS of NeutronHPVector}{}% 20
\BOOKMARK [2][-]{subsection.7.1}{Interface Syntax}{section.7}% 21
\BOOKMARK [2][-]{subsection.7.2}{Exported Access Programs}{section.7}% 22
\BOOKMARK [2][-]{subsection.7.3}{Interface Semantics}{section.7}% 23
\BOOKMARK [3][-]{subsubsection.7.3.1}{State Variables}{subsection.7.3}% 24
\BOOKMARK [3][-]{subsubsection.7.3.2}{Environment Variables}{subsection.7.3}% 25
\BOOKMARK [3][-]{subsubsection.7.3.3}{Assumption}{subsection.7.3}% 26
\BOOKMARK [3][-]{subsubsection.7.3.4}{Access Program Semantics}{subsection.7.3}% 27
\BOOKMARK [1][-]{section.8}{MIS of CMake Files}{}% 28
\BOOKMARK [2][-]{subsection.8.1}{Interface Syntax}{section.8}% 29
\BOOKMARK [2][-]{subsection.8.2}{Exported Access Programs}{section.8}% 30
\BOOKMARK [2][-]{subsection.8.3}{Interface Semantics}{section.8}% 31
\BOOKMARK [3][-]{subsubsection.8.3.1}{State Variables}{subsection.8.3}% 32
\BOOKMARK [3][-]{subsubsection.8.3.2}{Environment Variables}{subsection.8.3}% 33
\BOOKMARK [3][-]{subsubsection.8.3.3}{Assumption}{subsection.8.3}% 34
\BOOKMARK [3][-]{subsubsection.8.3.4}{Access Program Semantics}{subsection.8.3}% 35
